<?xml version="1.0" encoding="UTF-8"?>
<testng-results skipped="0" failed="0" total="1" passed="1">
  <reporter-output>
  </reporter-output>
  <suite name="Default suite" duration-ms="71001" started-at="2019-03-11T13:26:06Z" finished-at="2019-03-11T13:27:17Z">
    <groups>
    </groups>
    <test name="Default test" duration-ms="71001" started-at="2019-03-11T13:26:06Z" finished-at="2019-03-11T13:27:17Z">
      <class name="PandGApplicationTestCases.OTCOM_PriceVerification">
        <test-method status="PASS" signature="startBrowser(java.lang.String, java.lang.String, java.lang.String)[pri:0, instance:PandGApplicationTestCases.OTCOM_PriceVerification@78c730]" name="startBrowser" duration-ms="70961" started-at="2019-03-11T13:26:06Z" data-provider="loginData" finished-at="2019-03-11T13:27:17Z">
          <params>
            <param index="0">
              <value>
                <![CDATA[https://mx.rc.uat.online.pg.com]]>
              </value>
            </param>
            <param index="1">
              <value>
                <![CDATA[marek.wojtowicz@directpl.com]]>
              </value>
            </param>
            <param index="2">
              <value>
                <![CDATA[Pg1234567]]>
              </value>
            </param>
          </params>
          <reporter-output>
          </reporter-output>
        </test-method> <!-- startBrowser -->
      </class> <!-- PandGApplicationTestCases.OTCOM_PriceVerification -->
    </test> <!-- Default test -->
  </suite> <!-- Default suite -->
</testng-results>
