<?xml version="1.0" encoding="UTF-8"?>
<testng-results skipped="0" failed="0" total="1" passed="1">
  <reporter-output>
  </reporter-output>
  <suite name="Suite" duration-ms="72445" started-at="2019-03-11T12:02:01Z" finished-at="2019-03-11T12:03:14Z">
    <groups>
    </groups>
    <test name="Test" duration-ms="72445" started-at="2019-03-11T12:02:01Z" finished-at="2019-03-11T12:03:14Z">
      <class name="PandGApplicationTestCases.OTCOM_PriceVerification">
        <test-method status="PASS" signature="startBrowser(java.lang.String, java.lang.String, java.lang.String)[pri:0, instance:PandGApplicationTestCases.OTCOM_PriceVerification@101b7af]" name="startBrowser" duration-ms="72398" started-at="2019-03-11T12:02:01Z" data-provider="loginData" finished-at="2019-03-11T12:03:14Z">
          <params>
            <param index="0">
              <value>
                <![CDATA[https://mx.rc.uat.online.pg.com]]>
              </value>
            </param>
            <param index="1">
              <value>
                <![CDATA[marek.wojtowicz@directpl.com]]>
              </value>
            </param>
            <param index="2">
              <value>
                <![CDATA[Pg1234567]]>
              </value>
            </param>
          </params>
          <reporter-output>
          </reporter-output>
        </test-method> <!-- startBrowser -->
      </class> <!-- PandGApplicationTestCases.OTCOM_PriceVerification -->
    </test> <!-- Test -->
  </suite> <!-- Suite -->
</testng-results>
